Logfile initialized
[INFO] logfile = /Users/lseletos/Documents/Titanium_Workspace/What's The Order/build.log
[DEBUG] /Users/lseletos/Library/Application Support/Titanium/mobilesdk/osx/2.1.4.GA/android/builder.py install What's the Order /Users/lseletos/Documents/android-sdk-macosx /Users/lseletos/Documents/Titanium_Workspace/What's The Order com.stetson.whatstheorder 4
[INFO] Titanium SDK version: 2.1.4 (11/09/12 12:46 51f2c64)
[DEBUG] Waiting for device to be ready ...
[TRACE] adb devices returned 1 devices/emulators
[DEBUG] Device connected... (waited 0 seconds)
[DEBUG] waited 0.020018 seconds on emulator to get ready
[DEBUG] com.stetson.whatstheorder installed? False
[INFO] Copying CommonJS modules...
[INFO] Copying project resources..
[TRACE] COPYING MODIFIED FILE: /Users/lseletos/Documents/Titanium_Workspace/What's The Order/Resources/relativeDroid.js => /Users/lseletos/Documents/Titanium_Workspace/What's The Order/build/android/bin/assets/Resources/relativeDroid.js
[TRACE] Generating Java Classes
[DEBUG] Processing Android resource drawables
[TRACE] COPYING FILE: /Users/lseletos/Documents/Titanium_Workspace/What's The Order/Resources/android/images/res-notlong-land-ldpi/bannerpic.png => /Users/lseletos/Documents/Titanium_Workspace/What's The Order/build/android/res/drawable-notlong-land-ldpi/bannerpic_8801fea6aa.png
[TRACE] COPYING FILE: /Users/lseletos/Documents/Titanium_Workspace/What's The Order/Resources/android/images/res-notlong-land-ldpi/bgimage.png => /Users/lseletos/Documents/Titanium_Workspace/What's The Order/build/android/res/drawable-notlong-land-ldpi/bgimage_7022f863c1.png
[TRACE] COPYING FILE: /Users/lseletos/Documents/Titanium_Workspace/What's The Order/Resources/android/images/res-notlong-land-ldpi/droidbg.png => /Users/lseletos/Documents/Titanium_Workspace/What's The Order/build/android/res/drawable-notlong-land-ldpi/droidbg_2d79594323.png
[TRACE] COPYING FILE: /Users/lseletos/Documents/Titanium_Workspace/What's The Order/Resources/android/images/res-notlong-land-ldpi/gameinfobg.png => /Users/lseletos/Documents/Titanium_Workspace/What's The Order/build/android/res/drawable-notlong-land-ldpi/gameinfobg_e8e32afa08.png
[TRACE] COPYING FILE: /Users/lseletos/Documents/Titanium_Workspace/What's The Order/Resources/android/images/res-notlong-land-mdpi/Default-Landscape.png => /Users/lseletos/Documents/Titanium_Workspace/What's The Order/build/android/res/drawable-notlong-land-mdpi/default_landscape_a05f1012a4.png
[DEBUG] copying app icon: /Users/lseletos/Documents/Titanium_Workspace/What's The Order/build/android/bin/assets/Resources/applogomain.png
[DEBUG] generating theme.xml
[DEBUG] found drawable-long-land-hdpi splash screen at /Users/lseletos/Documents/Titanium_Workspace/What's The Order/Resources/android/images/res-long-land-hdpi/default.png
[DEBUG] copying /Users/lseletos/Documents/Titanium_Workspace/What's The Order/Resources/android/images/res-long-land-hdpi/default.png splash screen to /Users/lseletos/Documents/Titanium_Workspace/What's The Order/build/android/res/drawable-long-land-hdpi/background.png
[DEBUG] found drawable-long-land-ldpi splash screen at /Users/lseletos/Documents/Titanium_Workspace/What's The Order/Resources/android/images/res-long-land-ldpi/default.png
[DEBUG] copying /Users/lseletos/Documents/Titanium_Workspace/What's The Order/Resources/android/images/res-long-land-ldpi/default.png splash screen to /Users/lseletos/Documents/Titanium_Workspace/What's The Order/build/android/res/drawable-long-land-ldpi/background.png
[DEBUG] found drawable-long-port-hdpi splash screen at /Users/lseletos/Documents/Titanium_Workspace/What's The Order/Resources/android/images/res-long-port-hdpi/default.png
[DEBUG] copying /Users/lseletos/Documents/Titanium_Workspace/What's The Order/Resources/android/images/res-long-port-hdpi/default.png splash screen to /Users/lseletos/Documents/Titanium_Workspace/What's The Order/build/android/res/drawable-long-port-hdpi/background.png
[DEBUG] found drawable-long-port-ldpi splash screen at /Users/lseletos/Documents/Titanium_Workspace/What's The Order/Resources/android/images/res-long-port-ldpi/default.png
[DEBUG] copying /Users/lseletos/Documents/Titanium_Workspace/What's The Order/Resources/android/images/res-long-port-ldpi/default.png splash screen to /Users/lseletos/Documents/Titanium_Workspace/What's The Order/build/android/res/drawable-long-port-ldpi/background.png
[DEBUG] found drawable-notlong-land-hdpi splash screen at /Users/lseletos/Documents/Titanium_Workspace/What's The Order/Resources/android/images/res-notlong-land-hdpi/default.png
[DEBUG] copying /Users/lseletos/Documents/Titanium_Workspace/What's The Order/Resources/android/images/res-notlong-land-hdpi/default.png splash screen to /Users/lseletos/Documents/Titanium_Workspace/What's The Order/build/android/res/drawable-notlong-land-hdpi/background.png
[DEBUG] found drawable-notlong-land-ldpi splash screen at /Users/lseletos/Documents/Titanium_Workspace/What's The Order/Resources/android/images/res-notlong-land-ldpi/default.png
[DEBUG] copying /Users/lseletos/Documents/Titanium_Workspace/What's The Order/Resources/android/images/res-notlong-land-ldpi/default.png splash screen to /Users/lseletos/Documents/Titanium_Workspace/What's The Order/build/android/res/drawable-notlong-land-ldpi/background.png
[DEBUG] found drawable-notlong-port-hdpi splash screen at /Users/lseletos/Documents/Titanium_Workspace/What's The Order/Resources/android/images/res-notlong-port-hdpi/default.png
[DEBUG] copying /Users/lseletos/Documents/Titanium_Workspace/What's The Order/Resources/android/images/res-notlong-port-hdpi/default.png splash screen to /Users/lseletos/Documents/Titanium_Workspace/What's The Order/build/android/res/drawable-notlong-port-hdpi/background.png
[DEBUG] found drawable-notlong-port-ldpi splash screen at /Users/lseletos/Documents/Titanium_Workspace/What's The Order/Resources/android/images/res-notlong-port-ldpi/default.png
[DEBUG] copying /Users/lseletos/Documents/Titanium_Workspace/What's The Order/Resources/android/images/res-notlong-port-ldpi/default.png splash screen to /Users/lseletos/Documents/Titanium_Workspace/What's The Order/build/android/res/drawable-notlong-port-ldpi/background.png
[DEBUG] found drawable-notlong-port-mdpi splash screen at /Users/lseletos/Documents/Titanium_Workspace/What's The Order/Resources/android/images/res-notlong-port-mdpi/default.png
[DEBUG] copying /Users/lseletos/Documents/Titanium_Workspace/What's The Order/Resources/android/images/res-notlong-port-mdpi/default.png splash screen to /Users/lseletos/Documents/Titanium_Workspace/What's The Order/build/android/res/drawable-notlong-port-mdpi/background.png
[DEBUG] found splash screen at /Users/lseletos/Documents/Titanium_Workspace/What's The Order/build/android/bin/assets/Resources/default.png
[TRACE] Writing out AndroidManifest.xml
[DEBUG] adding /Users/lseletos/Documents/Titanium_Workspace/What's The Order/build/android/gen/com/stetson/whatstheorder/R.java to javac build list
[DEBUG] adding /Users/lseletos/Documents/Titanium_Workspace/What's The Order/build/android/gen/com/stetson/whatstheorder/WhatSTheOrderActivity.java to javac build list
[DEBUG] adding /Users/lseletos/Documents/Titanium_Workspace/What's The Order/build/android/gen/com/stetson/whatstheorder/WhatSTheOrderAppInfo.java to javac build list
[DEBUG] adding /Users/lseletos/Documents/Titanium_Workspace/What's The Order/build/android/gen/com/stetson/whatstheorder/WhatSTheOrderApplication.java to javac build list
[DEBUG] Building Java Sources: "/Users/lseletos/Documents/Titanium_Workspace/What's The Order/build/android/gen/com/stetson/whatstheorder/R.java" "/Users/lseletos/Documents/Titanium_Workspace/What's The Order/build/android/gen/com/stetson/whatstheorder/WhatSTheOrderActivity.java" "/Users/lseletos/Documents/Titanium_Workspace/What's The Order/build/android/gen/com/stetson/whatstheorder/WhatSTheOrderAppInfo.java" "/Users/lseletos/Documents/Titanium_Workspace/What's The Order/build/android/gen/com/stetson/whatstheorder/WhatSTheOrderApplication.java"
[INFO] Compiling Android Resources... This could take some time
[DEBUG] Android classes.dex built
[DEBUG] creating unsigned apk: /Users/lseletos/Documents/Titanium_Workspace/What's The Order/build/android/bin/app-unsigned.apk
[DEBUG] from resource zip => assets/Resources/RewardAnimationStills/1.png
[DEBUG] from resource zip => assets/Resources/RewardAnimationStills/10.png
[DEBUG] from resource zip => assets/Resources/RewardAnimationStills/11.png
[DEBUG] from resource zip => assets/Resources/RewardAnimationStills/12.png
[DEBUG] from resource zip => assets/Resources/RewardAnimationStills/13.png
[DEBUG] from resource zip => assets/Resources/RewardAnimationStills/14.png
[DEBUG] from resource zip => assets/Resources/RewardAnimationStills/15.png
[DEBUG] from resource zip => assets/Resources/RewardAnimationStills/16.png
[DEBUG] from resource zip => assets/Resources/RewardAnimationStills/17.png
[DEBUG] from resource zip => assets/Resources/RewardAnimationStills/18.png
[DEBUG] from resource zip => assets/Resources/RewardAnimationStills/19.png
[DEBUG] from resource zip => assets/Resources/RewardAnimationStills/2.png
[DEBUG] from resource zip => assets/Resources/RewardAnimationStills/20.png
[DEBUG] from resource zip => assets/Resources/RewardAnimationStills/21.png
[DEBUG] from resource zip => assets/Resources/RewardAnimationStills/22.png
[DEBUG] from resource zip => assets/Resources/RewardAnimationStills/23.png
[DEBUG] from resource zip => assets/Resources/RewardAnimationStills/24.png
[DEBUG] from resource zip => assets/Resources/RewardAnimationStills/25.png
[DEBUG] from resource zip => assets/Resources/RewardAnimationStills/26.png
[DEBUG] from resource zip => assets/Resources/RewardAnimationStills/27.png
[DEBUG] from resource zip => assets/Resources/RewardAnimationStills/28.png
[DEBUG] from resource zip => assets/Resources/RewardAnimationStills/3.png
[DEBUG] from resource zip => assets/Resources/RewardAnimationStills/4.png
[DEBUG] from resource zip => assets/Resources/RewardAnimationStills/5.png
[DEBUG] from resource zip => assets/Resources/RewardAnimationStills/6.png
[DEBUG] from resource zip => assets/Resources/RewardAnimationStills/7.png
[DEBUG] from resource zip => assets/Resources/RewardAnimationStills/8.png
[DEBUG] from resource zip => assets/Resources/RewardAnimationStills/9.png
[DEBUG] from resource zip => assets/Resources/RewardAnimationStills/tempvideo.mp4
[DEBUG] from resource zip => assets/Resources/images/1.jpg
[DEBUG] from resource zip => assets/Resources/images/1stplace.jpg
[DEBUG] from resource zip => assets/Resources/images/2.jpg
[DEBUG] from resource zip => assets/Resources/images/2ndplace.jpg
[DEBUG] from resource zip => assets/Resources/images/3.jpg
[DEBUG] from resource zip => assets/Resources/images/3rdplace.jpg
[DEBUG] from resource zip => assets/Resources/images/appicon.png
[DEBUG] from resource zip => assets/Resources/images/bannerpic.png
[DEBUG] from resource zip => assets/Resources/images/droidbg.png
[DEBUG] from resource zip => assets/Resources/images/gameinfobg.png
[DEBUG] from resource zip => assets/Resources/images/gamescreen.png
[DEBUG] from resource zip => assets/Resources/images/nopoints.jpeg
[DEBUG] from resource zip => assets/Resources/images/radioButton.png
[DEBUG] from resource zip => assets/Resources/images/radioButtonActive.png
[DEBUG] from resource zip => assets/Resources/images/star.png
[DEBUG] from resource zip => assets/Resources/ui/CustomRadioButtonClasses/tiRadioButtonAdvanced.js
[DEBUG] from resource zip => assets/Resources/ui/CustomRadioButtonClasses/tiRadioButtonBEFOREEARLIER.js
[DEBUG] from resource zip => assets/Resources/ui/CustomRadioButtonClasses/tiRadioButtonPRACTICE.js
[DEBUG] from resource zip => assets/Resources/ui/CustomRadioButtonClasses/tiRadioButtonREPEATGAME.js
[DEBUG] from resource zip => assets/Resources/ui/CustomRadioButtonClasses/tiRadioButtonREWARDSCREEN.js
[DEBUG] from resource zip => assets/Resources/ui/CustomRadioButtonClasses/tiRadioButtonRPG.js
[DEBUG] from resource zip => assets/Resources/ui/CustomRadioButtonClasses/tiRadioButtonTEXT.js
[DEBUG] from resource zip => assets/Resources/ui/CustomRadioButtonClasses/tiRadioButtonVIDEO.js
[DEBUG] from resource zip => assets/Resources/ui/CustomRadioButtonClasses/tiRadioButtonVerdicalACTIONS.js
[DEBUG] from resource zip => assets/Resources/ui/common/FirstView.js
[DEBUG] from resource zip => assets/Resources/ui/handheld/android/ApplicationWindow.js
[DEBUG] from resource zip => assets/Resources/ui/handheld/ApplicationWindow.js
[DEBUG] from resource zip => assets/Resources/ui/tablet/ApplicationWindow.js
[DEBUG] from resource zip => assets/Resources/KS_nav_ui.png
[DEBUG] from resource zip => assets/Resources/KS_nav_views.png
[DEBUG] from resource zip => assets/Resources/app.js
[DEBUG] from resource zip => assets/Resources/appDROID.js
[DEBUG] from resource zip => assets/Resources/appIPAD.js
[DEBUG] from resource zip => assets/Resources/appicon.png
[DEBUG] from resource zip => assets/Resources/applogomain.png
[DEBUG] from resource zip => assets/Resources/default.png
[DEBUG] from resource zip => assets/Resources/gameInfoDROID.js
[DEBUG] from resource zip => assets/Resources/gameInfoIPAD.js
[DEBUG] from resource zip => assets/Resources/gameInstrDROID.js
[DEBUG] from resource zip => assets/Resources/gameInstrIPAD.js
[DEBUG] from resource zip => assets/Resources/gameinformation.js
[DEBUG] from resource zip => assets/Resources/gameinstructions.js
[DEBUG] from resource zip => assets/Resources/gamemenu.js
[DEBUG] from resource zip => assets/Resources/generateStar.js
[DEBUG] from resource zip => assets/Resources/linearDroid.js
[DEBUG] from resource zip => assets/Resources/linearIPAD.js
[DEBUG] from resource zip => assets/Resources/notSupported.js
[DEBUG] from resource zip => assets/Resources/playGameDROID.js
[DEBUG] from resource zip => assets/Resources/playGameIPAD.js
[DEBUG] from resource zip => assets/Resources/playgame.js
[DEBUG] from resource zip => assets/Resources/relativeDroid.js
[DEBUG] from resource zip => assets/Resources/relativeIPAD.js
[DEBUG] from resource zip => assets/Resources/rewardAnimation.js
[DEBUG] from resource zip => assets/Resources/rewardVideo.js
[DEBUG] from resource zip => assets/Resources/ti.cloud.js
[DEBUG] from resource zip => assets/app.json
[DEBUG] from resource zip => assets/index.json
[DEBUG] from resource zip => assets/tiapp.xml
[DEBUG] from resource zip => res/drawable/appicon.png
[DEBUG] from resource zip => res/drawable/background.png
[DEBUG] from resource zip => res/layout/titanium_tabgroup.xml
[DEBUG] from resource zip => AndroidManifest.xml
[DEBUG] from resource zip => resources.arsc
[DEBUG] from resource zip => res/drawable-long-land-hdpi/background.png
[DEBUG] from resource zip => res/drawable-long-land-ldpi/background.png
[DEBUG] from resource zip => res/drawable-long-port-hdpi/background.png
[DEBUG] from resource zip => res/drawable-long-port-ldpi/background.png
[DEBUG] from resource zip => res/drawable-notlong-land-hdpi/background.png
[DEBUG] from resource zip => res/drawable-notlong-land-ldpi/background.png
[DEBUG] from resource zip => res/drawable-notlong-land-ldpi/bannerpic_8801fea6aa.png
[DEBUG] from resource zip => res/drawable-notlong-land-ldpi/bgimage_7022f863c1.png
[DEBUG] from resource zip => res/drawable-notlong-land-ldpi/droidbg_2d79594323.png
[DEBUG] from resource zip => res/drawable-notlong-land-ldpi/gameinfobg_e8e32afa08.png
[DEBUG] from resource zip => res/drawable-notlong-land-mdpi/default_landscape_a05f1012a4.png
[DEBUG] from resource zip => res/drawable-notlong-port-hdpi/background.png
[DEBUG] from resource zip => res/drawable-notlong-port-ldpi/background.png
[DEBUG] from resource zip => res/drawable-notlong-port-mdpi/background.png
[DEBUG] from JAR /Users/lseletos/Library/Application Support/Titanium/mobilesdk/osx/2.1.4.GA/android/modules/titanium-ui.jar => ti/modules/titanium/ui/widget/webview/binding.js
[DEBUG] from JAR /Users/lseletos/Library/Application Support/Titanium/mobilesdk/osx/2.1.4.GA/android/modules/titanium-ui.jar => ti/modules/titanium/ui/widget/webview/binding.min.js
[DEBUG] from JAR /Users/lseletos/Library/Application Support/Titanium/mobilesdk/osx/2.1.4.GA/android/modules/titanium-ui.jar => ti/modules/titanium/ui/widget/webview/json2.js
[DEBUG] from JAR /Users/lseletos/Library/Application Support/Titanium/mobilesdk/osx/2.1.4.GA/android/modules/titanium-ui.jar => ti/modules/titanium/ui/widget/webview/polling.js
[DEBUG] from JAR /Users/lseletos/Library/Application Support/Titanium/mobilesdk/osx/2.1.4.GA/android/modules/titanium-ui.jar => ti/modules/titanium/ui/widget/webview/polling.min.js
[DEBUG] from JAR /Users/lseletos/Library/Application Support/Titanium/mobilesdk/osx/2.1.4.GA/android/titanium.jar => org/appcelerator/titanium/build.properties
[DEBUG] from JAR /Users/lseletos/Library/Application Support/Titanium/mobilesdk/osx/2.1.4.GA/android/titanium.jar => org/appcelerator/titanium/res/drawable/background.png
[DEBUG] from JAR /Users/lseletos/Library/Application Support/Titanium/mobilesdk/osx/2.1.4.GA/android/titanium.jar => org/appcelerator/titanium/res/drawable/btn_check_buttonless_on.png
[DEBUG] from JAR /Users/lseletos/Library/Application Support/Titanium/mobilesdk/osx/2.1.4.GA/android/titanium.jar => org/appcelerator/titanium/res/drawable/btn_check_buttonless_on_18.png
[DEBUG] from JAR /Users/lseletos/Library/Application Support/Titanium/mobilesdk/osx/2.1.4.GA/android/titanium.jar => org/appcelerator/titanium/res/drawable/btn_check_buttonless_on_48.png
[DEBUG] from JAR /Users/lseletos/Library/Application Support/Titanium/mobilesdk/osx/2.1.4.GA/android/titanium.jar => org/appcelerator/titanium/res/drawable/btn_more.png
[DEBUG] from JAR /Users/lseletos/Library/Application Support/Titanium/mobilesdk/osx/2.1.4.GA/android/titanium.jar => org/appcelerator/titanium/res/drawable/btn_more_18.png
[DEBUG] from JAR /Users/lseletos/Library/Application Support/Titanium/mobilesdk/osx/2.1.4.GA/android/titanium.jar => org/appcelerator/titanium/res/drawable/btn_more_48.png
[DEBUG] from JAR /Users/lseletos/Library/Application Support/Titanium/mobilesdk/osx/2.1.4.GA/android/titanium.jar => org/appcelerator/titanium/res/drawable/btn_picker_normal.9.png
[DEBUG] from JAR /Users/lseletos/Library/Application Support/Titanium/mobilesdk/osx/2.1.4.GA/android/titanium.jar => org/appcelerator/titanium/res/drawable/btn_picker_pressed.9.png
[DEBUG] from JAR /Users/lseletos/Library/Application Support/Titanium/mobilesdk/osx/2.1.4.GA/android/titanium.jar => org/appcelerator/titanium/res/drawable/btn_picker_selected.9.png
[DEBUG] from JAR /Users/lseletos/Library/Application Support/Titanium/mobilesdk/osx/2.1.4.GA/android/titanium.jar => org/appcelerator/titanium/res/drawable/default_icon.png
[DEBUG] from JAR /Users/lseletos/Library/Application Support/Titanium/mobilesdk/osx/2.1.4.GA/android/titanium.jar => org/appcelerator/titanium/res/drawable/photoDefault.png
[DEBUG] from JAR /Users/lseletos/Library/Application Support/Titanium/mobilesdk/osx/2.1.4.GA/android/thirdparty.jar => org/apache/Commons-NOTICE.txt
[DEBUG] from JAR /Users/lseletos/Library/Application Support/Titanium/mobilesdk/osx/2.1.4.GA/android/thirdparty.jar => org/apache/HttpComponents-NOTICE.txt
[DEBUG] from JAR /Users/lseletos/Library/Application Support/Titanium/mobilesdk/osx/2.1.4.GA/android/thirdparty.jar => org/apache/mime4j-NOTICE.txt
[DEBUG] installing native SDK libs
[DEBUG] Waiting for device to be ready ...
[TRACE] adb devices returned 1 devices/emulators
[DEBUG] Device connected... (waited 0 seconds)
[DEBUG] waited 0.018305 seconds on emulator to get ready
[INFO] Installing application on device
[INFO] Application installed. Launch from drawer on Home Screen
